2026-04-27 21:55:48 - Starting ComHotelsServicesApplication using Java 25.0.2 with PID 115068 (C:\Users\orlan\Documents\GitHub\proyecto-aplicacion-reserva-hotelera\backend-springboot-aplicacion-web-reserva-hotelera\com-hotels-services\target\classes started by orlan in C:\Users\orlan\Documents\GitHub\proyecto-aplicacion-reserva-hotelera\backend-springboot-aplicacion-web-reserva-hotelera\com-hotels-services)
2026-04-27 21:55:48 - No active profile set, falling back to 1 default profile: "default"
2026-04-27 21:55:48 - Bootstrapping Spring Data JPA repositories in DEFAULT mode.
2026-04-27 21:55:48 - Finished Spring Data repository scanning in 8 ms. Found 1 JPA repository interface.
2026-04-27 21:55:48 - Tomcat initialized with port 8080 (http)
2026-04-27 21:55:48 - Starting service [Tomcat]
2026-04-27 21:55:48 - Starting Servlet engine: [Apache Tomcat/11.0.21]
2026-04-27 21:55:48 - Root WebApplicationContext: initialization completed in 285 ms
2026-04-27 21:55:48 - HHH008540: Processing PersistenceUnitInfo [name: default]
2026-04-27 21:55:48 - No LoadTimeWeaver setup: ignoring JPA class transformer
2026-04-27 21:55:48 - HikariPool-7 - Starting...
2026-04-27 21:55:48 - HikariPool-7 - Added connection com.mysql.cj.jdbc.ConnectionImpl@6dd2635e
2026-04-27 21:55:48 - HikariPool-7 - Start completed.
2026-04-27 21:55:48 - HHH10001005: Database info:
	Database JDBC URL [jdbc:mysql://localhost/db_hotelsbook?useSSL=false&useLegacyDatetimeCode=false&serverTimezone=UTC]
	Database driver: MySQL Connector/J
	Database dialect: MySQLDialect
	Database version: 9.5
	Default catalog/schema: db_hotelsbook/undefined
	Autocommit mode: undefined/unknown
	Isolation level: REPEATABLE_READ [default REPEATABLE_READ]
	JDBC fetch size: none
	Pool: DataSourceConnectionProvider
	Minimum pool size: undefined/unknown
	Maximum pool size: undefined/unknown
2026-04-27 21:55:49 - HHH000182: No default (no-argument) constructor for class [com.hotelsbook.services.entity.HotelServiceEntity] (class must be instantiated by Interceptor)
2026-04-27 21:55:49 - HHH000489: No JTA platform available (set 'hibernate.transaction.jta.platform' to enable JTA platform integration)
2026-04-27 21:55:49 - Initialized JPA EntityManagerFactory for persistence unit 'default'
2026-04-27 21:55:49 - spring.jpa.open-in-view is enabled by default. Therefore, database queries may be performed during view rendering. Explicitly configure spring.jpa.open-in-view to disable this warning
2026-04-27 21:55:49 - Tomcat started on port 8080 (http) with context path '/'
2026-04-27 21:55:49 - Started ComHotelsServicesApplication in 0.69 seconds (process running for 3296.929)
2026-04-27 21:55:49 - Condition evaluation unchanged
2026-04-27 21:56:12 - Restarting due to 1 class path change (0 additions, 0 deletions, 1 modification)
2026-04-27 21:56:12 - Commencing graceful shutdown. Waiting for active requests to complete
2026-04-27 21:56:12 - Graceful shutdown complete
2026-04-27 21:56:12 - Closing JPA EntityManagerFactory for persistence unit 'default'
2026-04-27 21:56:12 - HikariPool-7 - Shutdown initiated...
2026-04-27 21:56:12 - HikariPool-7 - Shutdown completed.
2026-04-27 21:56:12 - Starting ComHotelsServicesApplication using Java 25.0.2 with PID 115068 (C:\Users\orlan\Documents\GitHub\proyecto-aplicacion-reserva-hotelera\backend-springboot-aplicacion-web-reserva-hotelera\com-hotels-services\target\classes started by orlan in C:\Users\orlan\Documents\GitHub\proyecto-aplicacion-reserva-hotelera\backend-springboot-aplicacion-web-reserva-hotelera\com-hotels-services)
2026-04-27 21:56:12 - No active profile set, falling back to 1 default profile: "default"
2026-04-27 21:56:12 - Bootstrapping Spring Data JPA repositories in DEFAULT mode.
2026-04-27 21:56:12 - Finished Spring Data repository scanning in 3 ms. Found 1 JPA repository interface.
2026-04-27 21:56:12 - Tomcat initialized with port 8080 (http)
2026-04-27 21:56:12 - Starting service [Tomcat]
2026-04-27 21:56:12 - Starting Servlet engine: [Apache Tomcat/11.0.21]
2026-04-27 21:56:12 - Root WebApplicationContext: initialization completed in 90 ms
2026-04-27 21:56:12 - HHH008540: Processing PersistenceUnitInfo [name: default]
2026-04-27 21:56:12 - No LoadTimeWeaver setup: ignoring JPA class transformer
2026-04-27 21:56:12 - HikariPool-8 - Starting...
2026-04-27 21:56:12 - HikariPool-8 - Added connection com.mysql.cj.jdbc.ConnectionImpl@10b28903
2026-04-27 21:56:12 - HikariPool-8 - Start completed.
2026-04-27 21:56:12 - HHH10001005: Database info:
	Database JDBC URL [jdbc:mysql://localhost/db_hotelsbook?useSSL=false&useLegacyDatetimeCode=false&serverTimezone=UTC]
	Database driver: MySQL Connector/J
	Database dialect: MySQLDialect
	Database version: 9.5
	Default catalog/schema: db_hotelsbook/undefined
	Autocommit mode: undefined/unknown
	Isolation level: REPEATABLE_READ [default REPEATABLE_READ]
	JDBC fetch size: none
	Pool: DataSourceConnectionProvider
	Minimum pool size: undefined/unknown
	Maximum pool size: undefined/unknown
2026-04-27 21:56:12 - HHH000182: No default (no-argument) constructor for class [com.hotelsbook.services.entity.HotelServiceEntity] (class must be instantiated by Interceptor)
2026-04-27 21:56:12 - HHH000489: No JTA platform available (set 'hibernate.transaction.jta.platform' to enable JTA platform integration)
2026-04-27 21:56:12 - Initialized JPA EntityManagerFactory for persistence unit 'default'
2026-04-27 21:56:12 - spring.jpa.open-in-view is enabled by default. Therefore, database queries may be performed during view rendering. Explicitly configure spring.jpa.open-in-view to disable this warning
2026-04-27 21:56:12 - Tomcat started on port 8080 (http) with context path '/'
2026-04-27 21:56:12 - Started ComHotelsServicesApplication in 0.203 seconds (process running for 3320.084)
2026-04-27 21:56:12 - Condition evaluation unchanged
2026-04-27 22:05:41 - Commencing graceful shutdown. Waiting for active requests to complete
2026-04-27 22:05:41 - Graceful shutdown complete
2026-04-27 22:05:41 - Closing JPA EntityManagerFactory for persistence unit 'default'
2026-04-27 22:05:41 - HikariPool-8 - Shutdown initiated...
2026-04-27 22:05:41 - HikariPool-8 - Shutdown completed.
2026-04-27 22:05:42 - Starting ComHotelsServicesApplication using Java 25.0.2 with PID 157336 (C:\Users\orlan\Documents\GitHub\proyecto-aplicacion-reserva-hotelera\backend-springboot-aplicacion-web-reserva-hotelera\com-hotels-services\target\classes started by orlan in C:\Users\orlan\Documents\GitHub\proyecto-aplicacion-reserva-hotelera\backend-springboot-aplicacion-web-reserva-hotelera\com-hotels-services)
2026-04-27 22:05:42 - No active profile set, falling back to 1 default profile: "default"
2026-04-27 22:05:42 - Devtools property defaults active! Set 'spring.devtools.add-properties' to 'false' to disable
2026-04-27 22:05:42 - For additional web related logging consider setting the 'logging.level.web' property to 'DEBUG'
2026-04-27 22:05:42 - Bootstrapping Spring Data JPA repositories in DEFAULT mode.
2026-04-27 22:05:42 - Finished Spring Data repository scanning in 27 ms. Found 1 JPA repository interface.
2026-04-27 22:05:43 - Tomcat initialized with port 8080 (http)
2026-04-27 22:05:43 - Initializing ProtocolHandler ["http-nio-8080"]
2026-04-27 22:05:43 - Starting service [Tomcat]
2026-04-27 22:05:43 - Starting Servlet engine: [Apache Tomcat/11.0.21]
2026-04-27 22:05:43 - Root WebApplicationContext: initialization completed in 559 ms
2026-04-27 22:05:43 - HHH008540: Processing PersistenceUnitInfo [name: default]
2026-04-27 22:05:43 - HHH000001: Hibernate ORM core version 7.2.12.Final
2026-04-27 22:05:43 - No LoadTimeWeaver setup: ignoring JPA class transformer
2026-04-27 22:05:43 - HikariPool-1 - Starting...
2026-04-27 22:05:43 - HikariPool-1 - Added connection com.mysql.cj.jdbc.ConnectionImpl@7d4b9464
2026-04-27 22:05:43 - HikariPool-1 - Start completed.
2026-04-27 22:05:43 - HHH10001005: Database info:
	Database JDBC URL [jdbc:mysql://localhost/db_hotelsbook?useSSL=false&useLegacyDatetimeCode=false&serverTimezone=UTC]
	Database driver: MySQL Connector/J
	Database dialect: MySQLDialect
	Database version: 9.5
	Default catalog/schema: db_hotelsbook/undefined
	Autocommit mode: undefined/unknown
	Isolation level: REPEATABLE_READ [default REPEATABLE_READ]
	JDBC fetch size: none
	Pool: DataSourceConnectionProvider
	Minimum pool size: undefined/unknown
	Maximum pool size: undefined/unknown
2026-04-27 22:05:43 - HHH000182: No default (no-argument) constructor for class [com.hotelsbook.services.entity.HotelServiceEntity] (class must be instantiated by Interceptor)
2026-04-27 22:05:43 - HHH000489: No JTA platform available (set 'hibernate.transaction.jta.platform' to enable JTA platform integration)
2026-04-27 22:05:43 - Initialized JPA EntityManagerFactory for persistence unit 'default'
2026-04-27 22:05:44 - Hibernate is in classpath; If applicable, HQL parser will be used.
2026-04-27 22:05:44 - spring.jpa.open-in-view is enabled by default. Therefore, database queries may be performed during view rendering. Explicitly configure spring.jpa.open-in-view to disable this warning
2026-04-27 22:05:44 - Starting ProtocolHandler ["http-nio-8080"]
2026-04-27 22:05:44 - Tomcat started on port 8080 (http) with context path '/'
2026-04-27 22:05:44 - Started ComHotelsServicesApplication in 1.965 seconds (process running for 2.305)
2026-04-27 22:05:57 - Initializing Spring DispatcherServlet 'dispatcherServlet'
2026-04-27 22:05:57 - Initializing Servlet 'dispatcherServlet'
2026-04-27 22:05:57 - Completed initialization in 1 ms
2026-04-27 22:09:36 - 2
2026-04-27 22:09:36 - 2
2026-04-27 22:16:47 - 2
2026-04-27 22:16:47 - 2
2026-04-27 22:17:06 - 1
2026-04-27 22:17:06 - 1
